<?xml version="1.0" encoding="UTF-8"?>
<!-- Generated by org.testng.reporters.JUnitReportReporter -->
<testsuite hostname="CE75U19135" failures="0" tests="2" name="document.trDoc" time="81.284" errors="0" timestamp="2024-04-18T15:21:14 CEST" skipped="1">
  <testcase classname="document.trDoc" name="depotDocCE" time="81.284"/>
  <system-out/>
  <testcase classname="document.trDoc" name="depotDocTA">
    <skipped/>
  </testcase> <!-- depotDocTA -->
  <system-out/>
</testsuite> <!-- document.trDoc -->
