<?xml version="1.0" encoding="UTF-8"?>
<!-- Generated by org.testng.reporters.JUnitReportReporter -->
<testsuite hostname="CE75U17003" failures="0" tests="1" name="Refus.refusTR" time="51.430" errors="0" timestamp="2022-09-16T14:01:30 CEST" skipped="0">
  <testcase classname="Refus.refusTR" name="depotReq" time="51.430"/>
  <system-out/>
</testsuite> <!-- Refus.refusTR -->
