<?xml version="1.0" encoding="UTF-8"?>
<!-- Generated by org.testng.reporters.JUnitReportReporter -->
<testsuite hostname="CE75U19135" failures="0" tests="4" name="tr_skipper_bout_en_bout.Ajout_PAM" time="251.933" errors="0" timestamp="2024-09-11T12:08:59 CEST" skipped="0">
  <testcase classname="tr_skipper_bout_en_bout.Ajout_PAM" name="navigation_sk" time="159.314"/>
  <system-out/>
  <testcase classname="tr_skipper_bout_en_bout.Ajout_PAM" name="verification_table" time="82.385"/>
  <system-out/>
  <testcase classname="tr_skipper_bout_en_bout.Ajout_PAM" name="navigation_tr_transmission" time="10.140"/>
  <system-out/>
  <testcase classname="tr_skipper_bout_en_bout.Ajout_PAM" name="verification_table1" time="0.094"/>
  <system-out/>
</testsuite> <!-- tr_skipper_bout_en_bout.Ajout_PAM -->
