<?xml version="1.0" encoding="UTF-8"?>
<!-- Generated by org.testng.reporters.JUnitReportReporter -->
<testsuite hostname="CE75U19135" failures="0" tests="1" name="requete.TRC_Req" time="181.348" errors="0" timestamp="2025-03-11T09:46:03 CET" skipped="0">
  <testcase classname="requete.TRC_Req" name="depotTrc" time="181.348"/>
</testsuite> <!-- requete.TRC_Req -->
