<?xml version="1.0" encoding="UTF-8"?>
<!-- Generated by org.testng.reporters.JUnitReportReporter -->
<testsuite hostname="CE75U19135" failures="0" tests="1" name="program_resultat.Res_soustraction" time="0.009" errors="0" timestamp="2023-11-29T10:36:35 CET" skipped="0">
  <testcase classname="program_resultat.Res_soustraction" name="resultat" time="0.009"/>
  <system-out/>
</testsuite> <!-- program_resultat.Res_soustraction -->
