<?xml version="1.0" encoding="UTF-8"?>
<!-- Generated by org.testng.reporters.JUnitReportReporter -->
<testsuite hostname="CE75U19135" failures="0" tests="1" name="requete.TR_Req" time="52.152" errors="0" timestamp="2024-06-26T16:59:47 CEST" skipped="0">
  <testcase classname="requete.TR_Req" name="depotReq" time="52.152"/>
  <system-out/>
</testsuite> <!-- requete.TR_Req -->
