<?xml version="1.0" encoding="UTF-8"?>
<!-- Generated by org.testng.reporters.JUnitReportReporter -->
<testsuite hostname="CE75U19135" failures="0" tests="1" name="telechargement_archive.DemArch" time="65.051" errors="0" timestamp="2024-06-05T18:16:08 CEST" skipped="0">
  <testcase classname="telechargement_archive.DemArch" name="exploitation" time="65.051"/>
  <system-out/>
</testsuite> <!-- telechargement_archive.DemArch -->
