<?xml version="1.0" encoding="UTF-8"?>
<!-- Generated by org.testng.reporters.JUnitReportReporter -->
<testsuite skipped="0" hostname="CE75U17003" name="testfonction.Junittest" tests="3" failures="0" timestamp="24 mai 2022 13:39:34 GMT" time="0.044" errors="0">
  <testcase name="test1" time="0.033" classname="testfonction.Junittest"/>
  <testcase name="test3" time="0.002" classname="testfonction.Junittest"/>
  <testcase name="test2" time="0.009" classname="testfonction.Junittest"/>
</testsuite> <!-- testfonction.Junittest -->
