<?xml version="1.0" encoding="UTF-8"?>
<!-- Generated by org.testng.reporters.JUnitReportReporter -->
<testsuite hostname="CE75U19135" failures="0" tests="1" name="skipper.TR_Constitution_Avocat" time="19.039" errors="0" timestamp="2025-03-13T15:30:45 CET" skipped="0">
  <testcase classname="skipper.TR_Constitution_Avocat" name="depot_lettre_constitution" time="19.039"/>
</testsuite> <!-- skipper.TR_Constitution_Avocat -->
