<?xml version="1.0" encoding="UTF-8"?>
<!-- Generated by org.testng.reporters.JUnitReportReporter -->
<testsuite hostname="CE75U19135" failures="0" tests="1" name="Rpva.rpvaConexion" time="21.031" errors="0" timestamp="2023-05-26T17:27:33 CEST" skipped="0">
  <testcase classname="Rpva.rpvaConexion" name="connexionJur" time="21.031"/>
  <system-out/>
</testsuite> <!-- Rpva.rpvaConexion -->
