<?xml version="1.0" encoding="UTF-8"?>
<!-- Generated by org.testng.reporters.JUnitReportReporter -->
<testsuite hostname="CE75U19135" failures="0" tests="3" name="tr_skipper_bout_en_bout.Sk_transmission_code_inscription_avocat" time="187.736" errors="0" timestamp="2024-06-14T12:14:26 CEST" skipped="0">
  <testcase classname="tr_skipper_bout_en_bout.Sk_transmission_code_inscription_avocat" name="ouverture_Skipper" time="108.220"/>
  <system-out/>
  <testcase classname="tr_skipper_bout_en_bout.Sk_transmission_code_inscription_avocat" name="verification_BD" time="17.625"/>
  <system-out/>
  <testcase classname="tr_skipper_bout_en_bout.Sk_transmission_code_inscription_avocat" name="navigation_TR" time="61.891"/>
  <system-out/>
</testsuite> <!-- tr_skipper_bout_en_bout.Sk_transmission_code_inscription_avocat -->
