<?xml version="1.0" encoding="UTF-8"?>
<!-- Generated by org.testng.reporters.JUnitReportReporter -->
<testsuite hostname="CE75U19135" failures="0" tests="1" name="requete.TrcReq" time="181.080" errors="0" timestamp="2024-04-23T16:16:08 CEST" skipped="0">
  <testcase classname="requete.TrcReq" name="depotTrc" time="181.080"/>
  <system-out/>
</testsuite> <!-- requete.TrcReq -->
