<?xml version="1.0" encoding="UTF-8"?>
<!-- Generated by org.testng.reporters.JUnitReportReporter -->
<testsuite hostname="CE75U19135" failures="0" tests="2" name="trc.InscriptionTrc" time="48.417" errors="0" timestamp="2024-10-10T10:19:00 CEST" skipped="1">
  <testcase classname="trc.InscriptionTrc" name="formulaireMoralTrc" time="48.417"/>
  <system-out/>
  <testcase classname="trc.InscriptionTrc" name="formulaireParticulierTrc">
    <skipped/>
  </testcase> <!-- formulaireParticulierTrc -->
  <system-out/>
</testsuite> <!-- trc.InscriptionTrc -->
