<?xml version="1.0" encoding="UTF-8"?>
<!-- Generated by org.testng.reporters.JUnitReportReporter -->
<testsuite hostname="CE75U19135" failures="0" tests="4" name="tr_skipper_bout_en_bout.Transmission_type_dpi_dpa_creation_mesure" time="288.972" errors="0" timestamp="2024-10-24T16:51:16 CEST" skipped="0">
  <testcase classname="tr_skipper_bout_en_bout.Transmission_type_dpi_dpa_creation_mesure" name="navigation_sk" time="159.868"/>
  <testcase classname="tr_skipper_bout_en_bout.Transmission_type_dpi_dpa_creation_mesure" name="verification_table" time="102.002"/>
  <testcase classname="tr_skipper_bout_en_bout.Transmission_type_dpi_dpa_creation_mesure" name="navigation_tr_transmission" time="18.491"/>
  <testcase classname="tr_skipper_bout_en_bout.Transmission_type_dpi_dpa_creation_mesure" name="navigation_tr_recepetion" time="8.611"/>
</testsuite> <!-- tr_skipper_bout_en_bout.Transmission_type_dpi_dpa_creation_mesure -->
