<?xml version="1.0" encoding="UTF-8"?>
<!-- Generated by org.testng.reporters.JUnitReportReporter -->
<testsuite hostname="CE75U19135" failures="0" tests="4" name="tr_skipper_bout_en_bout.Transmisssion_type_renvoi_creation_dossier_sk" time="85.132" errors="0" timestamp="2024-04-18T16:23:17 CEST" skipped="0">
  <testcase classname="tr_skipper_bout_en_bout.Transmisssion_type_renvoi_creation_dossier_sk" name="transmettre_dossier" time="13.107"/>
  <system-out/>
  <testcase classname="tr_skipper_bout_en_bout.Transmisssion_type_renvoi_creation_dossier_sk" name="navigation_SK" time="59.162"/>
  <system-out/>
  <testcase classname="tr_skipper_bout_en_bout.Transmisssion_type_renvoi_creation_dossier_sk" name="verification_table" time="0.546"/>
  <system-out/>
  <testcase classname="tr_skipper_bout_en_bout.Transmisssion_type_renvoi_creation_dossier_sk" name="recceptionner_dossier" time="12.317"/>
  <system-out/>
</testsuite> <!-- tr_skipper_bout_en_bout.Transmisssion_type_renvoi_creation_dossier_sk -->
