<?xml version="1.0" encoding="UTF-8"?>
<!-- Generated by org.testng.reporters.JUnitReportReporter -->
<testsuite hostname="CE75U19135" failures="0" tests="1" name="requete.TA_depot_requete_portail_verification_valeur_par_defaut" time="0.555" errors="0" timestamp="2025-01-02T17:49:49 CET" skipped="0">
  <testcase classname="requete.TA_depot_requete_portail_verification_valeur_par_defaut" name="valeur_depot_TA" time="0.555"/>
</testsuite> <!-- requete.TA_depot_requete_portail_verification_valeur_par_defaut -->
