<?xml version="1.0" encoding="UTF-8"?>
<!-- Generated by org.testng.reporters.JUnitReportReporter -->
<testsuite hostname="CE75U19135" failures="0" tests="1" name="telechargement_archive.TelechargementPiècesHist" time="13.016" errors="0" timestamp="2024-02-08T16:32:32 CET" skipped="0">
  <testcase classname="telechargement_archive.TelechargementPiècesHist" name="téléchargementFichiersParEvent" time="13.016"/>
  <system-out/>
</testsuite> <!-- telechargement_archive.TelechargementPiècesHist -->
