<?xml version="1.0" encoding="UTF-8"?>
<!-- Generated by org.testng.reporters.JUnitReportReporter -->
<testsuite hostname="CE75U19135" failures="0" tests="7" name="inscription.FinDeValididite_MDP" time="43.172" errors="0" timestamp="2024-09-23T16:41:14 CEST" skipped="0">
  <testcase classname="inscription.FinDeValididite_MDP" name="Initialisation" time="0.883"/>
  <system-out/>
  <testcase classname="inscription.FinDeValididite_MDP" name="updateDB" time="1.594"/>
  <system-out/>
  <testcase classname="inscription.FinDeValididite_MDP" name="mot_de_passe_trop_long" time="3.475"/>
  <system-out/>
  <testcase classname="inscription.FinDeValididite_MDP" name="mot_de_passe_trop_court" time="3.462"/>
  <system-out/>
  <testcase classname="inscription.FinDeValididite_MDP" name="mot_de_passe_caracteres_interdits" time="3.516"/>
  <system-out/>
  <testcase classname="inscription.FinDeValididite_MDP" name="mot_de_passe_max_caracteres" time="3.724"/>
  <system-out/>
  <testcase classname="inscription.FinDeValididite_MDP" name="authentification_nouveau_mdp" time="26.518"/>
  <system-out/>
</testsuite> <!-- inscription.FinDeValididite_MDP -->
