<?xml version="1.0" encoding="UTF-8"?>
<!-- Generated by org.testng.reporters.JUnitReportReporter -->
<testsuite hostname="CE75U19135" failures="0" tests="1" name="trc.Enregistrement_Requete_TRC_JMETER" time="0.740" errors="0" timestamp="2024-09-23T18:33:32 CEST" skipped="0">
  <testcase classname="trc.Enregistrement_Requete_TRC_JMETER" name="Recuperation_requeteTRC_Jmeter" time="0.740"/>
  <system-out/>
</testsuite> <!-- trc.Enregistrement_Requete_TRC_JMETER -->
