<?xml version="1.0" encoding="UTF-8"?>
<!-- Generated by org.testng.reporters.JUnitReportReporter -->
<testsuite hostname="CE75U19135" failures="0" tests="8" name="inscription.FinDeValididite_MDP" time="23.088" errors="0" timestamp="2024-12-13T14:21:13 CET" skipped="0">
  <testcase classname="inscription.FinDeValididite_MDP" name="Initialisation" time="0.879"/>
  <testcase classname="inscription.FinDeValididite_MDP" name="updateDB" time="1.633"/>
  <testcase classname="inscription.FinDeValididite_MDP" name="mot_de_passe_trop_long" time="3.544"/>
  <testcase classname="inscription.FinDeValididite_MDP" name="mot_de_passe_trop_court" time="3.268"/>
  <testcase classname="inscription.FinDeValididite_MDP" name="mot_de_passe_caracteres_interdits" time="3.330"/>
  <testcase classname="inscription.FinDeValididite_MDP" name="mot_de_passe_max_caracteres" time="3.667"/>
  <testcase classname="inscription.FinDeValididite_MDP" name="authentification_nouveau_mdp" time="3.201"/>
  <testcase classname="inscription.FinDeValididite_MDP" name="authentification_mdp_origin" time="3.566"/>
</testsuite> <!-- inscription.FinDeValididite_MDP -->
