<?xml version="1.0" encoding="UTF-8"?>
<!-- Generated by org.testng.reporters.JUnitReportReporter -->
<testsuite hostname="CE75U19135" failures="0" tests="3" name="referentiel_poco.Referentiel_Test_Verification_donnees" time="104.639" errors="0" timestamp="2025-02-03T16:36:24 CET" skipped="0">
  <testcase classname="referentiel_poco.Referentiel_Test_Verification_donnees" name="connexion" time="1.492"/>
  <testcase classname="referentiel_poco.Referentiel_Test_Verification_donnees" name="authentification" time="7.958"/>
  <testcase classname="referentiel_poco.Referentiel_Test_Verification_donnees" name="verif_nbr_enregistrements_actifs_par_ref" time="95.189"/>
</testsuite> <!-- referentiel_poco.Referentiel_Test_Verification_donnees -->
