<?xml version="1.0" encoding="UTF-8"?>
<!-- Generated by org.testng.reporters.JUnitReportReporter -->
<testsuite hostname="CE75U19135" failures="0" tests="4" name="referentiel_poco.Referentiel_Test_Verification_donnees" time="63.416" errors="0" timestamp="2024-12-13T15:39:54 CET" skipped="0">
  <testcase classname="referentiel_poco.Referentiel_Test_Verification_donnees" name="connexion" time="2.418"/>
  <testcase classname="referentiel_poco.Referentiel_Test_Verification_donnees" name="authentification" time="8.507"/>
  <testcase classname="referentiel_poco.Referentiel_Test_Verification_donnees" name="donnees_Ref" time="0.437"/>
  <testcase classname="referentiel_poco.Referentiel_Test_Verification_donnees" name="pagination_ref" time="52.054"/>
</testsuite> <!-- referentiel_poco.Referentiel_Test_Verification_donnees -->
