<?xml version="1.0" encoding="UTF-8"?>
<!-- Generated by org.testng.reporters.JUnitReportReporter -->
<testsuite hostname="CE75U19135" failures="0" tests="1" name="requete.TR_Adm_Req" time="73.778" errors="0" timestamp="2024-07-15T16:20:42 CEST" skipped="0">
  <testcase classname="requete.TR_Adm_Req" name="depotReq" time="73.778"/>
  <system-out/>
</testsuite> <!-- requete.TR_Adm_Req -->
