<?xml version="1.0" encoding="UTF-8"?>
<!-- Generated by org.testng.reporters.JUnitReportReporter -->
<testsuite hostname="CE75U19135" failures="0" tests="1" name="inscription.IdentMdpOublie_Recovery" time="38.524" errors="0" timestamp="2024-09-24T18:58:47 CEST" skipped="0">
  <testcase classname="inscription.IdentMdpOublie_Recovery" name="recuperation_identifiants_apres_expriration_jeton" time="38.524"/>
  <system-out/>
</testsuite> <!-- inscription.IdentMdpOublie_Recovery -->
