<?xml version="1.0" encoding="UTF-8"?>
<!-- Generated by org.testng.reporters.JUnitReportReporter -->
<testsuite hostname="CE75U19135" failures="0" tests="1" name="requete.TRC_Req" time="138.881" errors="0" timestamp="2024-09-20T12:24:41 CEST" skipped="0">
  <testcase classname="requete.TRC_Req" name="depotTrc" time="138.881"/>
  <system-out/>
</testsuite> <!-- requete.TRC_Req -->
