<?xml version="1.0" encoding="UTF-8"?>
<!-- Generated by org.testng.reporters.JUnitReportReporter -->
<testsuite skipped="0" hostname="CE75U17003" name="Inscription.inscriptionAvocat" tests="1" failures="0" timestamp="2022-06-28T18:46:16 CEST" time="9.422" errors="0">
  <testcase name="inscriptionTA" time="9.422" classname="Inscription.inscriptionAvocat"/>
  <system-out/>
</testsuite> <!-- Inscription.inscriptionAvocat -->
