<?xml version="1.0" encoding="UTF-8"?>
<!-- Generated by org.testng.reporters.JUnitReportReporter -->
<testsuite hostname="CE75U19135" failures="0" tests="4" name="tr_skipper_bout_en_bout.Transmission_type_dpi_dpa_creation_mesure" time="536.561" errors="0" timestamp="2024-06-06T15:19:32 CEST" skipped="0">
  <testcase classname="tr_skipper_bout_en_bout.Transmission_type_dpi_dpa_creation_mesure" name="navigation_sk" time="424.871"/>
  <system-out/>
  <testcase classname="tr_skipper_bout_en_bout.Transmission_type_dpi_dpa_creation_mesure" name="verification_table" time="89.830"/>
  <system-out/>
  <testcase classname="tr_skipper_bout_en_bout.Transmission_type_dpi_dpa_creation_mesure" name="navigation_tr_transmission" time="14.522"/>
  <system-out/>
  <testcase classname="tr_skipper_bout_en_bout.Transmission_type_dpi_dpa_creation_mesure" name="navigation_tr_recepetion" time="7.338"/>
  <system-out/>
</testsuite> <!-- tr_skipper_bout_en_bout.Transmission_type_dpi_dpa_creation_mesure -->
