<?xml version="1.0" encoding="UTF-8"?>
<!-- Generated by org.testng.reporters.JUnitReportReporter -->
<testsuite hostname="CE75U17003" failures="0" tests="3" name="Requete.Annotation_test" time="0.020" errors="0" timestamp="19 mai 2022 15:15:48 GMT" skipped="0">
  <testcase classname="Requete.Annotation_test" name="test2" time="0.002"/>
  <testcase classname="Requete.Annotation_test" name="beforemethod" time="0.017"/>
  <testcase classname="Requete.Annotation_test" name="test1" time="0.001"/>
</testsuite> <!-- Requete.Annotation_test -->
