<?xml version="1.0" encoding="UTF-8"?>
<!-- Generated by org.testng.reporters.JUnitReportReporter -->
<testsuite hostname="CE75U19135" failures="0" tests="4" name="tr_skipper_bout_en_bout.Ajout_PAM" time="250.002" errors="0" timestamp="2024-06-27T17:15:26 CEST" skipped="0">
  <testcase classname="tr_skipper_bout_en_bout.Ajout_PAM" name="navigation_sk" time="159.902"/>
  <system-out/>
  <testcase classname="tr_skipper_bout_en_bout.Ajout_PAM" name="verification_table" time="74.385"/>
  <system-out/>
  <testcase classname="tr_skipper_bout_en_bout.Ajout_PAM" name="navigation_tr_transmission" time="15.405"/>
  <system-out/>
  <testcase classname="tr_skipper_bout_en_bout.Ajout_PAM" name="verification_table1" time="0.310"/>
  <system-out/>
</testsuite> <!-- tr_skipper_bout_en_bout.Ajout_PAM -->
