<?xml version="1.0" encoding="UTF-8"?>
<!-- Generated by org.testng.reporters.JUnitReportReporter -->
<testsuite hostname="CE75U19135" failures="0" tests="2" name="inscription.Reinitialisation_MDP" time="38.205" errors="0" timestamp="2025-03-12T11:15:34 CET" skipped="0">
  <testcase classname="inscription.Reinitialisation_MDP" name="Connexion" time="6.458"/>
  <testcase classname="inscription.Reinitialisation_MDP" name="Demande_Reinitialisation" time="31.747"/>
</testsuite> <!-- inscription.Reinitialisation_MDP -->
