<?xml version="1.0" encoding="UTF-8"?>
<!-- Generated by org.testng.reporters.JUnitReportReporter -->
<testsuite hostname="CE75U19135" failures="0" tests="3" name="tr_skipper_bout_en_bout.Sk_transmission_code_inscription_adm" time="115.162" errors="0" timestamp="2024-09-24T18:25:10 CEST" skipped="0">
  <testcase classname="tr_skipper_bout_en_bout.Sk_transmission_code_inscription_adm" name="navigation_sk" time="0.010"/>
  <system-out/>
  <testcase classname="tr_skipper_bout_en_bout.Sk_transmission_code_inscription_adm" name="verification_BD" time="3.279"/>
  <system-out/>
  <testcase classname="tr_skipper_bout_en_bout.Sk_transmission_code_inscription_adm" name="navigation_TR" time="111.873"/>
  <system-out/>
</testsuite> <!-- tr_skipper_bout_en_bout.Sk_transmission_code_inscription_adm -->
