<?xml version="1.0" encoding="UTF-8"?>
<!-- Generated by org.testng.reporters.JUnitReportReporter -->
<testsuite hostname="CE75U19135" failures="0" tests="1" name="trc.DepotAvecModifInfoUser" time="30.573" errors="0" timestamp="2023-11-14T17:55:52 CET" skipped="0">
  <testcase classname="trc.DepotAvecModifInfoUser" name="Depot" time="30.573"/>
  <system-out/>
</testsuite> <!-- trc.DepotAvecModifInfoUser -->
