<?xml version="1.0" encoding="UTF-8"?>
<!-- Generated by org.testng.reporters.JUnitReportReporter -->
<testsuite hostname="CE75U17003" failures="0" tests="1" name="demoTest.verif" time="4.043" errors="0" timestamp="2022-07-26T16:08:06 CEST" skipped="0">
  <testcase classname="demoTest.verif" name="verification" time="4.043"/>
  <system-out/>
</testsuite> <!-- demoTest.verif -->
