<?xml version="1.0" encoding="UTF-8"?>
<!-- Generated by org.testng.reporters.JUnitReportReporter -->
<testsuite hostname="CE75U19135" failures="0" tests="2" name="referentiel_poco.Referentiel_Verification_Profile" time="92.729" errors="0" timestamp="2024-12-18T12:02:04 CET" skipped="0">
  <testcase classname="referentiel_poco.Referentiel_Verification_Profile" name="connexion" time="12.415"/>
  <testcase classname="referentiel_poco.Referentiel_Verification_Profile" name="verification_profile" time="80.314"/>
</testsuite> <!-- referentiel_poco.Referentiel_Verification_Profile -->
