<?xml version="1.0" encoding="UTF-8"?>
<!-- Generated by org.testng.reporters.JUnitReportReporter -->
<testsuite hostname="CE75U19135" failures="0" tests="1" name="requete.TR_Req" time="77.150" errors="0" timestamp="2024-04-22T17:26:56 CEST" skipped="0">
  <testcase classname="requete.TR_Req" name="depotReq" time="77.150"/>
  <system-out/>
</testsuite> <!-- requete.TR_Req -->
