<?xml version="1.0" encoding="UTF-8"?>
<!-- Generated by org.testng.reporters.JUnitReportReporter -->
<testsuite hostname="CE75U19135" failures="0" tests="2" name="skipper.Sk_transmission_code_inscription_adm" time="0.013" errors="1" timestamp="2024-03-07T17:28:06 CET" skipped="1">
  <testcase classname="skipper.Sk_transmission_code_inscription_adm" name="test" time="0.000">
    <skipped/>
  </testcase> <!-- test -->
  <system-out/>
  <testcase classname="skipper.Sk_transmission_code_inscription_adm" name="ouverture_Skipper" time="0.013">
    <error message="C:\skipper2\Lanceur Skipper\LanceurSkipperbamo.exe: Can&#039;t load IA 32-bit .dll on a AMD 64-bit platform" type="java.lang.UnsatisfiedLinkError">
      <![CDATA[java.lang.UnsatisfiedLinkError: C:\skipper2\Lanceur Skipper\LanceurSkipperbamo.exe: Can't load IA 32-bit .dll on a AMD 64-bit platform
at java.base/jdk.internal.loader.NativeLibraries.load(Native Method)
at java.base/jdk.internal.loader.NativeLibraries$NativeLibraryImpl.open(NativeLibraries.java:331)
at java.base/jdk.internal.loader.NativeLibraries.loadLibrary(NativeLibraries.java:197)
at java.base/jdk.internal.loader.NativeLibraries.loadLibrary(NativeLibraries.java:139)
at java.base/java.lang.ClassLoader.loadLibrary(ClassLoader.java:2404)
at java.base/java.lang.Runtime.load0(Runtime.java:785)
at java.base/java.lang.Runtime.load(Runtime.java:771)
at skipper.Navigation_Skipper_Code_RattachementTRC.ouvertureBAMO(Navigation_Skipper_Code_RattachementTRC.java:31)
at skipper.Navigation_Skipper_InscriptionTR_Adm.ouvertureBamo(Navigation_Skipper_InscriptionTR_Adm.java:26)
at skipper.Sk_transmission_code_inscription_adm.ouverture_Skipper(Sk_transmission_code_inscription_adm.java:37)
at java.base/jdk.internal.reflect.DirectMethodHandleAccessor.invoke(DirectMethodHandleAccessor.java:104)
at java.base/java.lang.reflect.Method.invoke(Method.java:578)
at org.testng.internal.invokers.MethodInvocationHelper.invokeMethod(MethodInvocationHelper.java:139)
at org.testng.internal.invokers.MethodInvocationHelper.invokeMethodConsideringTimeout(MethodInvocationHelper.java:69)
at org.testng.internal.invokers.ConfigInvoker.invokeConfigurationMethod(ConfigInvoker.java:361)
at org.testng.internal.invokers.ConfigInvoker.invokeConfigurations(ConfigInvoker.java:296)
at org.testng.SuiteRunner.privateRun(SuiteRunner.java:376)
at org.testng.SuiteRunner.run(SuiteRunner.java:330)
at org.testng.SuiteRunnerWorker.runSuite(SuiteRunnerWorker.java:52)
at org.testng.SuiteRunnerWorker.run(SuiteRunnerWorker.java:95)
at org.testng.TestNG.runSuitesSequentially(TestNG.java:1256)
at org.testng.TestNG.runSuitesLocally(TestNG.java:1176)
at org.testng.TestNG.runSuites(TestNG.java:1099)
at org.testng.TestNG.run(TestNG.java:1067)
at org.testng.remote.AbstractRemoteTestNG.run(AbstractRemoteTestNG.java:115)
at org.testng.remote.RemoteTestNG.initAndRun(RemoteTestNG.java:251)
at org.testng.remote.RemoteTestNG.main(RemoteTestNG.java:77)
]]>
    </error>
  </testcase> <!-- ouverture_Skipper -->
  <system-out/>
</testsuite> <!-- skipper.Sk_transmission_code_inscription_adm -->
