<?xml version="1.0" encoding="UTF-8"?>
<!-- Generated by org.testng.reporters.JUnitReportReporter -->
<testsuite hostname="CE75U19135" failures="0" tests="1" name="skipper.Sk_Affectation_Dossier_Chambre_Rapporteur" time="60.527" errors="0" timestamp="2024-07-22T11:11:42 CEST" skipped="0">
  <testcase classname="skipper.Sk_Affectation_Dossier_Chambre_Rapporteur" name="Skipper_affectation" time="60.527"/>
  <system-out/>
</testsuite> <!-- skipper.Sk_Affectation_Dossier_Chambre_Rapporteur -->
