<?xml version="1.0" encoding="UTF-8"?>
<!-- Generated by org.testng.reporters.JUnitReportReporter -->
<testsuite hostname="CE75U19135" failures="0" tests="1" name="skipper.Skipper_Ajout_Defendeur" time="58.765" errors="0" timestamp="2025-03-10T17:02:07 CET" skipped="0">
  <testcase classname="skipper.Skipper_Ajout_Defendeur" name="Ajout_defendeur_dossier" time="58.765"/>
</testsuite> <!-- skipper.Skipper_Ajout_Defendeur -->
