<?xml version="1.0" encoding="UTF-8"?>
<!-- Generated by org.testng.reporters.JUnitReportReporter -->
<testsuite hostname="CE75U19135" failures="0" tests="7" name="skipper.sk_transmission_code_TRC" time="330.717" errors="0" timestamp="2024-10-09T16:24:04 CEST" skipped="0">
  <testcase classname="skipper.sk_transmission_code_TRC" name="navigation_skipper" time="174.346"/>
  <system-out/>
  <testcase classname="skipper.sk_transmission_code_TRC" name="navigation_TRC" time="9.558"/>
  <system-out/>
  <testcase classname="skipper.sk_transmission_code_TRC" name="verification_BD" time="90.476"/>
  <system-out/>
  <testcase classname="skipper.sk_transmission_code_TRC" name="verification_rattachement_dossier_sk_tr" time="0.699"/>
  <system-out/>
  <testcase classname="skipper.sk_transmission_code_TRC" name="Trc_depot_documents" time="24.654"/>
  <system-out/>
  <testcase classname="skipper.sk_transmission_code_TRC" name="trc_enregistrement_doc" time="29.841"/>
  <system-out/>
  <testcase classname="skipper.sk_transmission_code_TRC" name="fin" time="1.143"/>
  <system-out/>
</testsuite> <!-- skipper.sk_transmission_code_TRC -->
