<?xml version="1.0" encoding="UTF-8"?>
<!-- Generated by org.testng.reporters.JUnitReportReporter -->
<testsuite hostname="CE75U19135" failures="0" tests="1" name="trc.DepotEnregistrementBrouillon" time="262.392" errors="0" timestamp="2023-12-07T11:26:10 CET" skipped="0">
  <testcase classname="trc.DepotEnregistrementBrouillon" name="Depot" time="262.392"/>
  <system-out/>
</testsuite> <!-- trc.DepotEnregistrementBrouillon -->
