<?xml version="1.0" encoding="UTF-8"?>
<!-- Generated by org.testng.reporters.JUnitReportReporter -->
<testsuite hostname="CE75U19135" failures="0" tests="1" name="trc.Suppression_CompteTrc" time="0.350" errors="0" timestamp="2024-04-22T19:45:11 CEST" skipped="0">
  <testcase classname="trc.Suppression_CompteTrc" name="modification_compte_pour_suppression2" time="0.350"/>
  <system-out/>
</testsuite> <!-- trc.Suppression_CompteTrc -->
