<?xml version="1.0" encoding="UTF-8"?>
<!-- Generated by org.testng.reporters.JUnitReportReporter -->
<testsuite hostname="CE75U19135" failures="0" tests="5" name="tr_skipper_bout_en_bout.Decision_Envoi" time="762.968" errors="0" timestamp="2025-01-28T16:30:01 CET" skipped="0">
  <testcase classname="tr_skipper_bout_en_bout.Decision_Envoi" name="navigation_skipper" time="233.426"/>
  <testcase classname="tr_skipper_bout_en_bout.Decision_Envoi" name="verification_table" time="53.313"/>
  <testcase classname="tr_skipper_bout_en_bout.Decision_Envoi" name="navigation_tr_transmission" time="8.793"/>
  <testcase classname="tr_skipper_bout_en_bout.Decision_Envoi" name="recuperation_adresse_mail_acteur_dossier" time="0.116"/>
  <testcase classname="tr_skipper_bout_en_bout.Decision_Envoi" name="verification_creation_job_decision" time="467.320"/>
</testsuite> <!-- tr_skipper_bout_en_bout.Decision_Envoi -->
