<?xml version="1.0" encoding="UTF-8"?>
<!-- Generated by org.testng.reporters.JUnitReportReporter -->
<testsuite hostname="CE75U17003" failures="0" tests="1" name="Document.trChghmtDocOngletHisto" time="13.601" errors="0" timestamp="2022-10-20T18:30:57 CEST" skipped="0">
  <testcase classname="Document.trChghmtDocOngletHisto" name="téléchargementFichiersParEvent" time="13.601"/>
  <system-out/>
</testsuite> <!-- Document.trChghmtDocOngletHisto -->
