<?xml version="1.0" encoding="UTF-8"?>
<!-- Generated by org.testng.reporters.JUnitReportReporter -->
<testsuite hostname="CE75U19135" failures="0" tests="1" name="skipper.Sk_transmission_code_inscription" time="298.707" errors="0" timestamp="2024-01-17T10:32:59 CET" skipped="0">
  <testcase classname="skipper.Sk_transmission_code_inscription" name="test" time="298.707"/>
  <system-out/>
</testsuite> <!-- skipper.Sk_transmission_code_inscription -->
