<?xml version="1.0" encoding="UTF-8"?>
<!-- Generated by org.testng.reporters.JUnitReportReporter -->
<testsuite hostname="CE75U19135" failures="0" tests="2" name="telechargement_archive.Telechargement_pieces_dossier_uti_ext" time="27.424" errors="0" timestamp="2024-11-20T10:58:17 CET" skipped="0">
  <testcase classname="telechargement_archive.Telechargement_pieces_dossier_uti_ext" name="verification_ordre_des_pieces_apres_fusion" time="9.382"/>
  <testcase classname="telechargement_archive.Telechargement_pieces_dossier_uti_ext" name="exploitation" time="18.042"/>
</testsuite> <!-- telechargement_archive.Telechargement_pieces_dossier_uti_ext -->
