<?xml version="1.0" encoding="UTF-8"?>
<!-- Generated by org.testng.reporters.JUnitReportReporter -->
<testsuite hostname="CE75U19135" failures="0" tests="1" name="skipper.TR_Constitution_Avocat" time="21.159" errors="0" timestamp="2024-11-19T11:43:27 CET" skipped="0">
  <testcase classname="skipper.TR_Constitution_Avocat" name="depot_lettre_constitution" time="21.159"/>
</testsuite> <!-- skipper.TR_Constitution_Avocat -->
