<?xml version="1.0" encoding="UTF-8"?>
<!-- Generated by org.testng.reporters.JUnitReportReporter -->
<testsuite hostname="CE75U19135" failures="0" tests="1" name="document.trDoc" time="56.579" errors="0" timestamp="2025-03-13T10:37:43 CET" skipped="0">
  <testcase classname="document.trDoc" name="depotDoc" time="56.579"/>
</testsuite> <!-- document.trDoc -->
