<?xml version="1.0" encoding="UTF-8"?>
<!-- Generated by org.testng.reporters.JUnitReportReporter -->
<testsuite hostname="CE75U19135" failures="0" tests="1" name="trc.InscriptionTrc" time="47.530" errors="0" timestamp="2024-07-04T10:51:51 CEST" skipped="0">
  <testcase classname="trc.InscriptionTrc" name="formulaireMoralTrc" time="47.530"/>
  <system-out/>
</testsuite> <!-- trc.InscriptionTrc -->
