<?xml version="1.0" encoding="UTF-8"?>
<!-- Generated by org.testng.reporters.JUnitReportReporter -->
<testsuite hostname="CE75U19135" failures="0" tests="2" name="trc.InscriptionTrc" time="117.540" errors="0" timestamp="2024-12-02T15:31:56 CET" skipped="0">
  <testcase classname="trc.InscriptionTrc" name="formulaireParticulierTrc" time="69.018"/>
  <testcase classname="trc.InscriptionTrc" name="formulaireMoralTrc" time="48.522"/>
</testsuite> <!-- trc.InscriptionTrc -->
