<?xml version="1.0" encoding="UTF-8"?>
<!-- Generated by org.testng.reporters.JUnitReportReporter -->
<testsuite hostname="CE75U19135" failures="0" tests="5" name="tr_skipper_bout_en_bout.Decision_Envoi" time="1410.738" errors="0" timestamp="2024-10-04T16:20:01 CEST" skipped="0">
  <testcase classname="tr_skipper_bout_en_bout.Decision_Envoi" name="navigation_skipper" time="174.809"/>
  <system-out/>
  <testcase classname="tr_skipper_bout_en_bout.Decision_Envoi" name="verification_table" time="42.045"/>
  <system-out/>
  <testcase classname="tr_skipper_bout_en_bout.Decision_Envoi" name="navigation_tr_transmission" time="8.477"/>
  <system-out/>
  <testcase classname="tr_skipper_bout_en_bout.Decision_Envoi" name="recuperation_adresse_mail_acteur_dossier" time="0.138"/>
  <system-out/>
  <testcase classname="tr_skipper_bout_en_bout.Decision_Envoi" name="verification_creation_job_decision" time="1185.269"/>
  <system-out/>
</testsuite> <!-- tr_skipper_bout_en_bout.Decision_Envoi -->
