<?xml version="1.0" encoding="UTF-8"?>
<!-- Generated by org.testng.reporters.JUnitReportReporter -->
<testsuite hostname="CE75U19135" failures="0" tests="2" name="skipper.CreationDossier_navigationSK" time="144.550" errors="0" timestamp="2024-05-06T16:07:23 CEST" skipped="0">
  <testcase classname="skipper.CreationDossier_navigationSK" name="creation_req_TR" time="86.598"/>
  <system-out/>
  <testcase classname="skipper.CreationDossier_navigationSK" name="navigation_SK" time="57.952"/>
  <system-out/>
</testsuite> <!-- skipper.CreationDossier_navigationSK -->
