<?xml version="1.0" encoding="UTF-8"?>
<!-- Generated by org.testng.reporters.JUnitReportReporter -->
<testsuite hostname="CE75U19135" failures="0" tests="1" name="document.trDoc" time="53.097" errors="0" timestamp="2024-12-20T17:57:23 CET" skipped="0">
  <testcase classname="document.trDoc" name="depotDoc" time="53.097"/>
</testsuite> <!-- document.trDoc -->
