<?xml version="1.0" encoding="UTF-8"?>
<!-- Generated by org.testng.reporters.JUnitReportReporter -->
<testsuite hostname="CE75U19135" failures="0" tests="4" name="tr_skipper_bout_en_bout.Ajout_PAM" time="237.817" errors="0" timestamp="2024-12-10T18:00:55 CET" skipped="0">
  <testcase classname="tr_skipper_bout_en_bout.Ajout_PAM" name="navigation_sk" time="134.230"/>
  <testcase classname="tr_skipper_bout_en_bout.Ajout_PAM" name="verification_table" time="89.339"/>
  <testcase classname="tr_skipper_bout_en_bout.Ajout_PAM" name="navigation_tr_transmission" time="14.157"/>
  <testcase classname="tr_skipper_bout_en_bout.Ajout_PAM" name="verification_table1" time="0.091"/>
</testsuite> <!-- tr_skipper_bout_en_bout.Ajout_PAM -->
