<?xml version="1.0" encoding="UTF-8"?>
<!-- Generated by org.testng.reporters.JUnitReportReporter -->
<testsuite hostname="CE75U19135" failures="0" tests="4" name="tr_skipper_bout_en_bout.Transmission_type_dpi_dpa_creation_mesure" time="195.009" errors="0" timestamp="2024-04-23T18:51:01 CEST" skipped="0">
  <testcase classname="tr_skipper_bout_en_bout.Transmission_type_dpi_dpa_creation_mesure" name="navigation_sk" time="106.691"/>
  <system-out/>
  <testcase classname="tr_skipper_bout_en_bout.Transmission_type_dpi_dpa_creation_mesure" name="verification_table" time="67.938"/>
  <system-out/>
  <testcase classname="tr_skipper_bout_en_bout.Transmission_type_dpi_dpa_creation_mesure" name="navigation_tr_transmission" time="12.394"/>
  <system-out/>
  <testcase classname="tr_skipper_bout_en_bout.Transmission_type_dpi_dpa_creation_mesure" name="navigation_tr_recepetion" time="7.986"/>
  <system-out/>
</testsuite> <!-- tr_skipper_bout_en_bout.Transmission_type_dpi_dpa_creation_mesure -->
