<?xml version="1.0" encoding="UTF-8"?>
<!-- Generated by org.testng.reporters.JUnitReportReporter -->
<testsuite hostname="CE75U19135" failures="0" tests="3" name="trc.InscriptionTrc" time="25.471" errors="0" timestamp="2025-03-11T22:19:17 CET" skipped="2">
  <testcase classname="trc.InscriptionTrc" name="formulaire_FranceConnect_Trc" time="25.471"/>
  <testcase classname="trc.InscriptionTrc" name="formulaireMoralTrc">
    <skipped/>
  </testcase> <!-- formulaireMoralTrc -->
  <testcase classname="trc.InscriptionTrc" name="formulaireParticulierTrc">
    <skipped/>
  </testcase> <!-- formulaireParticulierTrc -->
</testsuite> <!-- trc.InscriptionTrc -->
