<?xml version="1.0" encoding="UTF-8"?>
<!-- Generated by org.testng.reporters.JUnitReportReporter -->
<testsuite hostname="CE75U19135" failures="0" tests="3" name="skipper.sk_transmission_code_TRC" time="300.533" errors="0" timestamp="2024-07-03T18:40:43 CEST" skipped="0">
  <testcase classname="skipper.sk_transmission_code_TRC" name="navigation_skipper" time="98.626"/>
  <system-out/>
  <testcase classname="skipper.sk_transmission_code_TRC" name="navigation_TRC" time="81.550"/>
  <system-out/>
  <testcase classname="skipper.sk_transmission_code_TRC" name="verification_BD" time="120.357"/>
  <system-out/>
</testsuite> <!-- skipper.sk_transmission_code_TRC -->
