<?xml version="1.0" encoding="UTF-8"?>
<!-- Generated by org.testng.reporters.JUnitReportReporter -->
<testsuite hostname="CE75U19135" failures="0" tests="1" name="tr_skipper_bout_en_bout.Sk_transmission_code_inscription_adm" time="105.501" errors="0" timestamp="2024-07-26T18:29:12 CEST" skipped="0">
  <testcase classname="tr_skipper_bout_en_bout.Sk_transmission_code_inscription_adm" name="navigation_TR" time="105.501"/>
  <system-out/>
</testsuite> <!-- tr_skipper_bout_en_bout.Sk_transmission_code_inscription_adm -->
