<?xml version="1.0" encoding="UTF-8"?>
<!-- Generated by org.testng.reporters.JUnitReportReporter -->
<testsuite hostname="CE75U19135" failures="0" tests="1" name="TRC.RemoveReqte" time="1.210" errors="0" timestamp="2023-05-09T15:53:23 CEST" skipped="0">
  <testcase classname="TRC.RemoveReqte" name="removeReqTrcOnTR" time="1.210"/>
  <system-out/>
</testsuite> <!-- TRC.RemoveReqte -->
