<?xml version="1.0" encoding="UTF-8"?>
<!-- Generated by org.testng.reporters.JUnitReportReporter -->
<testsuite hostname="CE75U19135" failures="0" tests="1" name="Inscription.inscriptAvo" time="98.641" errors="0" timestamp="2023-03-24T17:59:04 CET" skipped="0">
  <testcase classname="Inscription.inscriptAvo" name="inscription" time="98.641"/>
  <system-out/>
</testsuite> <!-- Inscription.inscriptAvo -->
