<?xml version="1.0" encoding="UTF-8"?>
<!-- Generated by org.testng.reporters.JUnitReportReporter -->
<testsuite hostname="CE75U19135" failures="0" tests="1" name="requete.TRC_Req" time="112.459" errors="0" timestamp="2024-07-03T17:06:03 CEST" skipped="0">
  <testcase classname="requete.TRC_Req" name="depotTrc" time="112.459"/>
  <system-out/>
</testsuite> <!-- requete.TRC_Req -->
