<?xml version="1.0" encoding="UTF-8"?>
<!-- Generated by org.testng.reporters.JUnitReportReporter -->
<testsuite hostname="CE75U19135" failures="0" tests="3" name="tr_skipper_bout_en_bout.Sk_transmission_code_inscription_avocat" time="274.408" errors="0" timestamp="2024-09-20T18:24:14 CEST" skipped="0">
  <testcase classname="tr_skipper_bout_en_bout.Sk_transmission_code_inscription_avocat" name="ouverture_Skipper" time="126.185"/>
  <system-out/>
  <testcase classname="tr_skipper_bout_en_bout.Sk_transmission_code_inscription_avocat" name="verification_BD" time="57.767"/>
  <system-out/>
  <testcase classname="tr_skipper_bout_en_bout.Sk_transmission_code_inscription_avocat" name="navigation_TR" time="90.456"/>
  <system-out/>
</testsuite> <!-- tr_skipper_bout_en_bout.Sk_transmission_code_inscription_avocat -->
