<?xml version="1.0" encoding="UTF-8"?>
<!-- Generated by org.testng.reporters.JUnitReportReporter -->
<testsuite hostname="CE75U19135" failures="0" tests="1" name="skipper.Skipper_Ajout_Defendeur" time="23.080" errors="0" timestamp="2024-09-17T17:40:47 CEST" skipped="0">
  <testcase classname="skipper.Skipper_Ajout_Defendeur" name="Ajout_defendeur_dossier" time="23.080"/>
  <system-out/>
</testsuite> <!-- skipper.Skipper_Ajout_Defendeur -->
