<?xml version="1.0" encoding="UTF-8"?>
<!-- Generated by org.testng.reporters.JUnitReportReporter -->
<testsuite hostname="CE75U19135" failures="0" tests="2" name="trc.InscriptionTrc" time="108.516" errors="0" timestamp="2024-03-26T18:17:11 CET" skipped="0">
  <testcase classname="trc.InscriptionTrc" name="formulaireParticulierTrc" time="54.680"/>
  <system-out/>
  <testcase classname="trc.InscriptionTrc" name="formulaireMoralTrc" time="53.836"/>
  <system-out/>
</testsuite> <!-- trc.InscriptionTrc -->
