<?xml version="1.0" encoding="UTF-8"?>
<!-- Generated by org.testng.reporters.JUnitReportReporter -->
<testsuite hostname="CE75U19135" failures="0" tests="6" name="inscription.Connexion_Acteur_Desactive_Reactivation" time="11.388" errors="0" timestamp="2025-03-12T10:56:11 CET" skipped="0">
  <testcase classname="inscription.Connexion_Acteur_Desactive_Reactivation" name="Initialisation_BD" time="0.920"/>
  <testcase classname="inscription.Connexion_Acteur_Desactive_Reactivation" name="Connexion" time="2.697"/>
  <testcase classname="inscription.Connexion_Acteur_Desactive_Reactivation" name="Authentification" time="1.153"/>
  <testcase classname="inscription.Connexion_Acteur_Desactive_Reactivation" name="Reactivation_Compte" time="2.914"/>
  <testcase classname="inscription.Connexion_Acteur_Desactive_Reactivation" name="Desactivation_Acteur" time="1.229"/>
  <testcase classname="inscription.Connexion_Acteur_Desactive_Reactivation" name="Activation_Acteur" time="2.475"/>
</testsuite> <!-- inscription.Connexion_Acteur_Desactive_Reactivation -->
