<?xml version="1.0" encoding="UTF-8"?>
<!-- Generated by org.testng.reporters.JUnitReportReporter -->
<testsuite hostname="CE75U19135" failures="0" tests="1" name="document.trDoc" time="63.911" errors="0" timestamp="2024-09-17T17:43:05 CEST" skipped="0">
  <testcase classname="document.trDoc" name="depotDoc" time="63.911"/>
  <system-out/>
</testsuite> <!-- document.trDoc -->
