<?xml version="1.0" encoding="UTF-8"?>
<!-- Generated by org.testng.reporters.JUnitReportReporter -->
<testsuite hostname="CE75U19135" failures="0" tests="1" name="document.trcDoc" time="71.887" errors="0" timestamp="2024-07-04T18:40:03 CEST" skipped="0">
  <testcase classname="document.trcDoc" name="depotPieceTrc" time="71.887"/>
  <system-out/>
</testsuite> <!-- document.trcDoc -->
