<?xml version="1.0" encoding="UTF-8"?>
<!-- Generated by org.testng.reporters.JUnitReportReporter -->
<testsuite hostname="CE75U19135" failures="0" tests="2" name="trc.Enregistrement_Requete_TRC_JMETER" time="107.239" errors="0" timestamp="2024-09-20T12:33:45 CEST" skipped="0">
  <testcase classname="trc.Enregistrement_Requete_TRC_JMETER" name="Recuperation_requeteTRC_Jmeter" time="0.559"/>
  <system-out/>
  <testcase classname="trc.Enregistrement_Requete_TRC_JMETER" name="Enregistrement_requeteTRC_Jmeter" time="106.680"/>
  <system-out/>
</testsuite> <!-- trc.Enregistrement_Requete_TRC_JMETER -->
