<?xml version="1.0" encoding="UTF-8"?>
<!-- Generated by org.testng.reporters.JUnitReportReporter -->
<testsuite hostname="CE75U19135" failures="0" tests="1" name="skipper.Skipper_Ajout_Defendeur" time="43.512" errors="0" timestamp="2024-03-18T17:31:01 CET" skipped="0">
  <testcase classname="skipper.Skipper_Ajout_Defendeur" name="Ajout_defendeur_dossier" time="43.512"/>
  <system-out/>
</testsuite> <!-- skipper.Skipper_Ajout_Defendeur -->
