<?xml version="1.0" encoding="UTF-8"?>
<!-- Generated by org.testng.reporters.JUnitReportReporter -->
<testsuite hostname="CE75U19135" failures="0" tests="1" name="telechargement_archive.TelechargementPiècesHist" time="12.369" errors="0" timestamp="2025-03-12T13:59:06 CET" skipped="0">
  <testcase classname="telechargement_archive.TelechargementPiècesHist" name="téléchargementFichiersParEvent" time="12.369"/>
</testsuite> <!-- telechargement_archive.TelechargementPiècesHist -->
