<?xml version="1.0" encoding="UTF-8"?>
<!-- Generated by org.testng.reporters.JUnitReportReporter -->
<testsuite hostname="CE75U19135" failures="0" tests="1" name="skipper.sk_transmission_code_TRC" time="216.750" errors="0" timestamp="2024-03-01T17:51:03 CET" skipped="0">
  <testcase classname="skipper.sk_transmission_code_TRC" name="creation_code_rattachement_TRC" time="216.750"/>
  <system-out/>
</testsuite> <!-- skipper.sk_transmission_code_TRC -->
