<?xml version="1.0" encoding="UTF-8"?>
<!-- Generated by org.testng.reporters.JUnitReportReporter -->
<testsuite hostname="CE75U19135" failures="0" tests="1" name="tr_skipper_bout_en_bout.CreationDossier_navigationSK" time="51.815" errors="0" timestamp="2024-04-18T16:09:33 CEST" skipped="0">
  <testcase classname="tr_skipper_bout_en_bout.CreationDossier_navigationSK" name="navigation_SK" time="51.815"/>
  <system-out/>
</testsuite> <!-- tr_skipper_bout_en_bout.CreationDossier_navigationSK -->
