<?xml version="1.0" encoding="UTF-8"?>
<!-- Generated by org.testng.reporters.JUnitReportReporter -->
<testsuite hostname="CE75U19135" failures="0" tests="1" name="trc.DepotEnregistrementBrouillon" time="35.765" errors="0" timestamp="2024-10-15T10:01:16 CEST" skipped="0">
  <testcase classname="trc.DepotEnregistrementBrouillon" name="Depot" time="35.765"/>
</testsuite> <!-- trc.DepotEnregistrementBrouillon -->
