<?xml version="1.0" encoding="UTF-8"?>
<!-- Generated by org.testng.reporters.JUnitReportReporter -->
<testsuite hostname="CE75U19135" failures="0" tests="8" name="inscription.FinDeValididite_MDP" time="27.738" errors="0" timestamp="2025-02-05T16:26:54 CET" skipped="0">
  <testcase classname="inscription.FinDeValididite_MDP" name="Initialisation" time="0.938"/>
  <testcase classname="inscription.FinDeValididite_MDP" name="updateDB" time="5.768"/>
  <testcase classname="inscription.FinDeValididite_MDP" name="mot_de_passe_trop_long" time="3.456"/>
  <testcase classname="inscription.FinDeValididite_MDP" name="mot_de_passe_trop_court" time="3.355"/>
  <testcase classname="inscription.FinDeValididite_MDP" name="mot_de_passe_caracteres_interdits" time="3.388"/>
  <testcase classname="inscription.FinDeValididite_MDP" name="mot_de_passe_max_caracteres" time="3.590"/>
  <testcase classname="inscription.FinDeValididite_MDP" name="authentification_nouveau_mdp" time="2.827"/>
  <testcase classname="inscription.FinDeValididite_MDP" name="authentification_mdp_origin" time="4.416"/>
</testsuite> <!-- inscription.FinDeValididite_MDP -->
