<?xml version="1.0" encoding="UTF-8"?>
<!-- Generated by org.testng.reporters.JUnitReportReporter -->
<testsuite hostname="CE75U19135" failures="0" tests="1" name="inscription.ModificationMDP_PreferencesUtilisateur" time="27.811" errors="0" timestamp="2023-10-18T10:48:35 CEST" skipped="0">
  <testcase classname="inscription.ModificationMDP_PreferencesUtilisateur" name="changemetMDP" time="27.811"/>
  <system-out/>
</testsuite> <!-- inscription.ModificationMDP_PreferencesUtilisateur -->
