<?xml version="1.0" encoding="UTF-8"?>
<!-- Generated by org.testng.reporters.JUnitReportReporter -->
<testsuite skipped="0" hostname="CE75U17003" name="testfonction.Annotation_test" tests="3" failures="0" timestamp="07 juin 2022 15:25:21 GMT" time="0.013" errors="0">
  <testcase name="test1" time="0.007" classname="testfonction.Annotation_test"/>
  <testcase name="test2" time="0.003" classname="testfonction.Annotation_test"/>
  <testcase name="test3" time="0.003" classname="testfonction.Annotation_test"/>
</testsuite> <!-- testfonction.Annotation_test -->
