<?xml version="1.0" encoding="UTF-8"?>
<!-- Generated by org.testng.reporters.JUnitReportReporter -->
<testsuite hostname="CE75U19135" failures="0" tests="2" name="telechargement_archive.Telechargement_pieces_dossier_uti_int" time="86.140" errors="0" timestamp="2025-03-12T11:21:27 CET" skipped="0">
  <testcase classname="telechargement_archive.Telechargement_pieces_dossier_uti_int" name="exploitation" time="72.960"/>
  <testcase classname="telechargement_archive.Telechargement_pieces_dossier_uti_int" name="verification_ordre_des_pieces_apres_fusion" time="13.180"/>
</testsuite> <!-- telechargement_archive.Telechargement_pieces_dossier_uti_int -->
