<?xml version="1.0" encoding="UTF-8"?>
<!-- Generated by org.testng.reporters.JUnitReportReporter -->
<testsuite hostname="CE75U19135" failures="0" tests="1" name="requete.TRC_Req" time="207.514" errors="0" timestamp="2024-10-07T14:21:09 CEST" skipped="0">
  <testcase classname="requete.TRC_Req" name="depotTrc" time="207.514"/>
  <system-out/>
</testsuite> <!-- requete.TRC_Req -->
