<?xml version="1.0" encoding="UTF-8"?>
<!-- Generated by org.testng.reporters.JUnitReportReporter -->
<testsuite hostname="CE75U19135" failures="0" tests="7" name="skipper.sk_transmission_code_TRC" time="327.239" errors="0" timestamp="2025-03-13T13:57:05 CET" skipped="0">
  <testcase classname="skipper.sk_transmission_code_TRC" name="navigation_skipper" time="104.793"/>
  <testcase classname="skipper.sk_transmission_code_TRC" name="navigation_TRC" time="15.452"/>
  <testcase classname="skipper.sk_transmission_code_TRC" name="verification_BD" time="86.405"/>
  <testcase classname="skipper.sk_transmission_code_TRC" name="verification_rattachement_dossier_sk_tr" time="0.500"/>
  <testcase classname="skipper.sk_transmission_code_TRC" name="Trc_depot_documents" time="51.466"/>
  <testcase classname="skipper.sk_transmission_code_TRC" name="trc_enregistrement_doc" time="67.008"/>
  <testcase classname="skipper.sk_transmission_code_TRC" name="fin" time="1.615"/>
</testsuite> <!-- skipper.sk_transmission_code_TRC -->
