<?xml version="1.0" encoding="UTF-8"?>
<!-- Generated by org.testng.reporters.JUnitReportReporter -->
<testsuite hostname="CE75U19135" failures="0" tests="1" name="requete.TR_Req" time="78.727" errors="0" timestamp="2024-12-04T14:22:17 CET" skipped="0">
  <testcase classname="requete.TR_Req" name="depotReq" time="78.727"/>
</testsuite> <!-- requete.TR_Req -->
