<?xml version="1.0" encoding="UTF-8"?>
<!-- Generated by org.testng.reporters.JUnitReportReporter -->
<testsuite hostname="CE75U19135" failures="0" tests="4" name="tr_skipper_bout_en_bout.Transmission_type_renvoi_creation_dossier_sk" time="231.968" errors="0" timestamp="2024-12-04T11:24:13 CET" skipped="0">
  <testcase classname="tr_skipper_bout_en_bout.Transmission_type_renvoi_creation_dossier_sk" name="transmettre_dossier" time="151.445"/>
  <testcase classname="tr_skipper_bout_en_bout.Transmission_type_renvoi_creation_dossier_sk" name="navigation_SK" time="59.865"/>
  <testcase classname="tr_skipper_bout_en_bout.Transmission_type_renvoi_creation_dossier_sk" name="verification_table" time="12.206"/>
  <testcase classname="tr_skipper_bout_en_bout.Transmission_type_renvoi_creation_dossier_sk" name="recceptionner_dossier" time="8.452"/>
</testsuite> <!-- tr_skipper_bout_en_bout.Transmission_type_renvoi_creation_dossier_sk -->
