<?xml version="1.0" encoding="UTF-8"?>
<!-- Generated by org.testng.reporters.JUnitReportReporter -->
<testsuite hostname="CE75U19135" failures="0" tests="4" name="tr_skipper_bout_en_bout.Transmission_type_renvoi_creation_dossier_sk" time="211.046" errors="0" timestamp="2024-06-11T18:02:54 CEST" skipped="0">
  <testcase classname="tr_skipper_bout_en_bout.Transmission_type_renvoi_creation_dossier_sk" name="transmettre_dossier" time="122.513"/>
  <system-out/>
  <testcase classname="tr_skipper_bout_en_bout.Transmission_type_renvoi_creation_dossier_sk" name="navigation_SK" time="49.062"/>
  <system-out/>
  <testcase classname="tr_skipper_bout_en_bout.Transmission_type_renvoi_creation_dossier_sk" name="verification_table" time="28.734"/>
  <system-out/>
  <testcase classname="tr_skipper_bout_en_bout.Transmission_type_renvoi_creation_dossier_sk" name="recceptionner_dossier" time="10.737"/>
  <system-out/>
</testsuite> <!-- tr_skipper_bout_en_bout.Transmission_type_renvoi_creation_dossier_sk -->
