<?xml version="1.0" encoding="UTF-8"?>
<!-- Generated by org.testng.reporters.JUnitReportReporter -->
<testsuite hostname="CE75U19135" failures="0" tests="1" name="requete.TR_requete" time="7.353" errors="0" timestamp="2024-10-30T16:18:39 CET" skipped="0">
  <testcase classname="requete.TR_requete" name="depotReq" time="7.353"/>
</testsuite> <!-- requete.TR_requete -->
