<?xml version="1.0" encoding="UTF-8"?>
<!-- Generated by org.testng.reporters.JUnitReportReporter -->
<testsuite hostname="CE75U19135" failures="0" tests="1" name="inscription.ModificationMDP_PreferencesUtilisateur" time="16.070" errors="0" timestamp="2025-02-05T15:21:36 CET" skipped="0">
  <testcase classname="inscription.ModificationMDP_PreferencesUtilisateur" name="changemetMDP" time="16.070"/>
</testsuite> <!-- inscription.ModificationMDP_PreferencesUtilisateur -->
