<?xml version="1.0" encoding="UTF-8"?>
<!-- Generated by org.testng.reporters.JUnitReportReporter -->
<testsuite hostname="CE75U19135" failures="0" tests="5" name="tr_skipper_bout_en_bout.Decision_Envoi" time="390.225" errors="0" timestamp="2024-09-17T18:50:00 CEST" skipped="0">
  <testcase classname="tr_skipper_bout_en_bout.Decision_Envoi" name="navigation_skipper" time="278.216"/>
  <system-out/>
  <testcase classname="tr_skipper_bout_en_bout.Decision_Envoi" name="verification_table" time="1.494"/>
  <system-out/>
  <testcase classname="tr_skipper_bout_en_bout.Decision_Envoi" name="navigation_tr_transmission" time="9.976"/>
  <system-out/>
  <testcase classname="tr_skipper_bout_en_bout.Decision_Envoi" name="recuperation_adresse_mail_acteur_dossier" time="0.103"/>
  <system-out/>
  <testcase classname="tr_skipper_bout_en_bout.Decision_Envoi" name="verification_creation_job_decision" time="100.436"/>
  <system-out/>
</testsuite> <!-- tr_skipper_bout_en_bout.Decision_Envoi -->
