<?xml version="1.0" encoding="UTF-8"?>
<!-- Generated by org.testng.reporters.JUnitReportReporter -->
<testsuite hostname="CE75U19135" failures="0" tests="1" name="Inscription.IdentMdpOublie" time="79.246" errors="0" timestamp="2023-06-05T14:00:34 CEST" skipped="0">
  <testcase classname="Inscription.IdentMdpOublie" name="depotReqTA" time="79.246"/>
  <system-out/>
</testsuite> <!-- Inscription.IdentMdpOublie -->
