<?xml version="1.0" encoding="UTF-8"?>
<!-- Generated by org.testng.reporters.JUnitReportReporter -->
<testsuite hostname="CE75U19135" failures="0" tests="2" name="telechargement_archive.Telechargement_pieces_dossier_uti_ext" time="81.210" errors="0" timestamp="2025-03-12T11:19:20 CET" skipped="0">
  <testcase classname="telechargement_archive.Telechargement_pieces_dossier_uti_ext" name="exploitation" time="70.761"/>
  <testcase classname="telechargement_archive.Telechargement_pieces_dossier_uti_ext" name="verification_ordre_des_pieces_apres_fusion" time="10.449"/>
</testsuite> <!-- telechargement_archive.Telechargement_pieces_dossier_uti_ext -->
