<?xml version="1.0" encoding="UTF-8"?>
<!-- Generated by org.testng.reporters.JUnitReportReporter -->
<testsuite hostname="CE75U19135" failures="0" tests="4" name="tr_skipper_bout_en_bout.Transmission_type_renvoi_creation_dossier_sk" time="204.782" errors="0" timestamp="2024-09-06T14:43:38 CEST" skipped="0">
  <testcase classname="tr_skipper_bout_en_bout.Transmission_type_renvoi_creation_dossier_sk" name="transmettre_dossier" time="128.619"/>
  <system-out/>
  <testcase classname="tr_skipper_bout_en_bout.Transmission_type_renvoi_creation_dossier_sk" name="navigation_SK" time="64.219"/>
  <system-out/>
  <testcase classname="tr_skipper_bout_en_bout.Transmission_type_renvoi_creation_dossier_sk" name="verification_table" time="0.086"/>
  <system-out/>
  <testcase classname="tr_skipper_bout_en_bout.Transmission_type_renvoi_creation_dossier_sk" name="recceptionner_dossier" time="11.858"/>
  <system-out/>
</testsuite> <!-- tr_skipper_bout_en_bout.Transmission_type_renvoi_creation_dossier_sk -->
