<?xml version="1.0" encoding="UTF-8"?>
<!-- Generated by org.testng.reporters.JUnitReportReporter -->
<testsuite hostname="CE75U19135" failures="0" tests="5" name="document.TR_Constitution_Avocat" time="208.519" errors="0" timestamp="2024-10-01T16:42:29 CEST" skipped="0">
  <testcase classname="document.TR_Constitution_Avocat" name="Creation_dossier" time="74.840"/>
  <system-out/>
  <testcase classname="document.TR_Constitution_Avocat" name="ajout_defendeur" time="66.383"/>
  <system-out/>
  <testcase classname="document.TR_Constitution_Avocat" name="ajout_avocat_constitution_defendeur" time="6.392"/>
  <system-out/>
  <testcase classname="document.TR_Constitution_Avocat" name="replication_SKToTR" time="37.726"/>
  <system-out/>
  <testcase classname="document.TR_Constitution_Avocat" name="depot_lettre_constitution" time="23.178"/>
  <system-out/>
</testsuite> <!-- document.TR_Constitution_Avocat -->
