<?xml version="1.0" encoding="UTF-8"?>
<!-- Generated by org.testng.reporters.JUnitReportReporter -->
<testsuite hostname="CE75U19135" failures="0" tests="8" name="inscription.FinDeValidite_MDP" time="27.752" errors="0" timestamp="2025-03-12T11:09:10 CET" skipped="0">
  <testcase classname="inscription.FinDeValidite_MDP" name="Initialisation" time="0.947"/>
  <testcase classname="inscription.FinDeValidite_MDP" name="updateDB" time="5.838"/>
  <testcase classname="inscription.FinDeValidite_MDP" name="mot_de_passe_trop_long" time="3.521"/>
  <testcase classname="inscription.FinDeValidite_MDP" name="mot_de_passe_trop_court" time="3.322"/>
  <testcase classname="inscription.FinDeValidite_MDP" name="mot_de_passe_caracteres_interdits" time="3.335"/>
  <testcase classname="inscription.FinDeValidite_MDP" name="mot_de_passe_max_caracteres" time="3.528"/>
  <testcase classname="inscription.FinDeValidite_MDP" name="authentification_nouveau_mdp" time="2.817"/>
  <testcase classname="inscription.FinDeValidite_MDP" name="authentification_mdp_origin" time="4.444"/>
</testsuite> <!-- inscription.FinDeValidite_MDP -->
