<?xml version="1.0" encoding="UTF-8"?>
<!-- Generated by org.testng.reporters.JUnitReportReporter -->
<testsuite hostname="CE75U19135" failures="0" tests="4" name="tr_skipper_bout_en_bout.Transmission_type_renvoi_creation_dossier_sk" time="226.939" errors="0" timestamp="2024-04-23T18:45:15 CEST" skipped="0">
  <testcase classname="tr_skipper_bout_en_bout.Transmission_type_renvoi_creation_dossier_sk" name="transmettre_dossier" time="81.575"/>
  <system-out/>
  <testcase classname="tr_skipper_bout_en_bout.Transmission_type_renvoi_creation_dossier_sk" name="navigation_SK" time="61.059"/>
  <system-out/>
  <testcase classname="tr_skipper_bout_en_bout.Transmission_type_renvoi_creation_dossier_sk" name="verification_table" time="72.539"/>
  <system-out/>
  <testcase classname="tr_skipper_bout_en_bout.Transmission_type_renvoi_creation_dossier_sk" name="recceptionner_dossier" time="11.766"/>
  <system-out/>
</testsuite> <!-- tr_skipper_bout_en_bout.Transmission_type_renvoi_creation_dossier_sk -->
