<?xml version="1.0" encoding="UTF-8"?>
<!-- Generated by org.testng.reporters.JUnitReportReporter -->
<testsuite hostname="CE75U19135" failures="0" tests="1" name="refus.refusReqTR" time="68.958" errors="0" timestamp="2024-02-08T15:01:09 CET" skipped="0">
  <testcase classname="refus.refusReqTR" name="depotReq" time="68.958"/>
  <system-out/>
</testsuite> <!-- refus.refusReqTR -->
