<?xml version="1.0" encoding="UTF-8"?>
<!-- Generated by org.testng.reporters.JUnitReportReporter -->
<testsuite hostname="CE75U19135" failures="0" tests="1" name="telechargement_archive.DemArch" time="55.339" errors="0" timestamp="2024-08-08T16:43:07 CEST" skipped="0">
  <testcase classname="telechargement_archive.DemArch" name="exploitation" time="55.339"/>
  <system-out/>
</testsuite> <!-- telechargement_archive.DemArch -->
