<?xml version="1.0" encoding="UTF-8"?>
<!-- Generated by org.testng.reporters.JUnitReportReporter -->
<testsuite skipped="0" hostname="CE75U17003" name="testfonction.Annotationtest" tests="3" failures="0" timestamp="2022-06-09T15:30:52 CEST" time="0.010" errors="0">
  <testcase name="test3" time="0.002" classname="testfonction.Annotationtest"/>
  <system-out/>
  <testcase name="test1" time="0.007" classname="testfonction.Annotationtest"/>
  <system-out/>
  <testcase name="test2" time="0.001" classname="testfonction.Annotationtest"/>
  <system-out/>
</testsuite> <!-- testfonction.Annotationtest -->
