<?xml version="1.0" encoding="UTF-8"?>
<!-- Generated by org.testng.reporters.JUnitReportReporter -->
<testsuite hostname="CE75U19135" failures="0" tests="1" name="Inscription.mdpValidite" time="19.884" errors="0" timestamp="2023-01-23T11:30:47 CET" skipped="0">
  <testcase classname="Inscription.mdpValidite" name="Authentification" time="19.884"/>
  <system-out/>
</testsuite> <!-- Inscription.mdpValidite -->
