<?xml version="1.0" encoding="UTF-8"?>
<!-- Generated by org.testng.reporters.JUnitReportReporter -->
<testsuite hostname="CE75U19135" failures="0" tests="1" name="document.trcDoc" time="95.133" errors="0" timestamp="2024-08-07T16:26:03 CEST" skipped="0">
  <testcase classname="document.trcDoc" name="depotPieceTrc" time="95.133"/>
  <system-out/>
</testsuite> <!-- document.trcDoc -->
