<?xml version="1.0" encoding="UTF-8"?>
<!-- Generated by org.testng.reporters.JUnitReportReporter -->
<testsuite hostname="CE75U17003" failures="0" tests="1" name="Rpva.xmlFileLoadRPVA" time="15.595" errors="0" timestamp="2022-09-08T11:34:28 CEST" skipped="0">
  <testcase classname="Rpva.xmlFileLoadRPVA" name="traitementfile" time="15.595"/>
  <system-out/>
</testsuite> <!-- Rpva.xmlFileLoadRPVA -->
