<?xml version="1.0" encoding="UTF-8"?>
<!-- Generated by org.testng.reporters.JUnitReportReporter -->
<testsuite hostname="CE75U19135" failures="0" tests="1" name="inscription.Identifiant_Mdp_Oublies_Recovery_Lien_Expire" time="42.621" errors="0" timestamp="2025-02-06T12:12:55 CET" skipped="0">
  <testcase classname="inscription.Identifiant_Mdp_Oublies_Recovery_Lien_Expire" name="recuperation_identifiants_apres_expriration_jeton" time="42.621"/>
</testsuite> <!-- inscription.Identifiant_Mdp_Oublies_Recovery_Lien_Expire -->
