<?xml version="1.0" encoding="UTF-8"?>
<!-- Generated by org.testng.reporters.JUnitReportReporter -->
<testsuite hostname="CE75U19135" failures="0" tests="5" name="skipper.TR_Constitution_Avocat" time="143.468" errors="0" timestamp="2024-10-02T17:48:29 CEST" skipped="0">
  <testcase classname="skipper.TR_Constitution_Avocat" name="Creation_dossier" time="0.009"/>
  <system-out/>
  <testcase classname="skipper.TR_Constitution_Avocat" name="ajout_defendeur" time="67.687"/>
  <system-out/>
  <testcase classname="skipper.TR_Constitution_Avocat" name="ajout_avocat_constitution_defendeur" time="8.632"/>
  <system-out/>
  <testcase classname="skipper.TR_Constitution_Avocat" name="replication_SKToTR" time="43.928"/>
  <system-out/>
  <testcase classname="skipper.TR_Constitution_Avocat" name="depot_lettre_constitution" time="23.212"/>
  <system-out/>
</testsuite> <!-- skipper.TR_Constitution_Avocat -->
